<?xml version="1.0" encoding="UTF-8"?>
<!-- Generated by org.testng.reporters.JUnitXMLReporter -->
<testsuite hostname="DESKTOP-0FSG9OD" ignored="0" name="Default test" tests="5" failures="0" timestamp="05 May 2022 18:10:19 GMT" time="23.004" errors="0">
  <testcase name="tc1_fullName" time="9.282" classname="testAutomation.restAPITestingAutomation.TestMethods"/>
  <testcase name="tc2_PartialName" time="2.007" classname="testAutomation.restAPITestingAutomation.TestMethods"/>
  <testcase name="tc3_PartialNamewithTwoCharacters" time="2.374" classname="testAutomation.restAPITestingAutomation.TestMethods"/>
  <testcase name="tc4_PartialNamewithOneCharacter" time="7.063" classname="testAutomation.restAPITestingAutomation.TestMethods"/>
  <testcase name="tc5_InvalidName" time="2.169" classname="testAutomation.restAPITestingAutomation.TestMethods"/>
</testsuite> <!-- Default test -->
