<?xml version="1.0" encoding="UTF-8"?>
<testng-results skipped="0" failed="0" ignored="0" total="5" passed="5">
  <reporter-output>
  </reporter-output>
  <suite name="Default suite" duration-ms="23004" started-at="2022-05-05T18:09:56Z" finished-at="2022-05-05T18:10:19Z">
    <groups>
    </groups>
    <test name="Default test" duration-ms="23004" started-at="2022-05-05T18:09:56Z" finished-at="2022-05-05T18:10:19Z">
      <class name="testAutomation.restAPITestingAutomation.TestMethods">
        <test-method status="PASS" signature="tc1_fullName()[pri:0, instance:testAutomation.restAPITestingAutomation.TestMethods@3fee9989]" name="tc1_fullName" duration-ms="9282" started-at="2022-05-05T18:09:56Z" finished-at="2022-05-05T18:10:06Z">
          <reporter-output>
          </reporter-output>
        </test-method> <!-- tc1_fullName -->
        <test-method status="PASS" signature="tc2_PartialName()[pri:0, instance:testAutomation.restAPITestingAutomation.TestMethods@3fee9989]" name="tc2_PartialName" duration-ms="2007" started-at="2022-05-05T18:10:06Z" finished-at="2022-05-05T18:10:08Z">
          <reporter-output>
          </reporter-output>
        </test-method> <!-- tc2_PartialName -->
        <test-method status="PASS" signature="tc3_PartialNamewithTwoCharacters()[pri:0, instance:testAutomation.restAPITestingAutomation.TestMethods@3fee9989]" name="tc3_PartialNamewithTwoCharacters" duration-ms="2374" started-at="2022-05-05T18:10:08Z" finished-at="2022-05-05T18:10:10Z">
          <reporter-output>
          </reporter-output>
        </test-method> <!-- tc3_PartialNamewithTwoCharacters -->
        <test-method status="PASS" signature="tc4_PartialNamewithOneCharacter()[pri:0, instance:testAutomation.restAPITestingAutomation.TestMethods@3fee9989]" name="tc4_PartialNamewithOneCharacter" duration-ms="7063" started-at="2022-05-05T18:10:10Z" finished-at="2022-05-05T18:10:17Z">
          <reporter-output>
          </reporter-output>
        </test-method> <!-- tc4_PartialNamewithOneCharacter -->
        <test-method status="PASS" signature="tc5_InvalidName()[pri:0, instance:testAutomation.restAPITestingAutomation.TestMethods@3fee9989]" name="tc5_InvalidName" duration-ms="2169" started-at="2022-05-05T18:10:17Z" finished-at="2022-05-05T18:10:19Z">
          <reporter-output>
          </reporter-output>
        </test-method> <!-- tc5_InvalidName -->
      </class> <!-- testAutomation.restAPITestingAutomation.TestMethods -->
    </test> <!-- Default test -->
  </suite> <!-- Default suite -->
</testng-results>
